/Volumes/Store/cameron/Sites/mgh/trunk/assets/Uploads/Images/General/_resampled/croppedimage100133-startline.jpg 100x133 24bit JFIF  [OK] 19291 --> 5648 bytes (70.72%), optimized.
/Volumes/Store/cameron/Sites/mgh/trunk/assets/Uploads/Images/General/_resampled/croppedimage100133-BridgetManhire-small.jpg 100x133 24bit JFIF  [OK] 13954 --> 3578 bytes (74.36%), optimized.
/Volumes/Store/cameron/Sites/mgh/trunk/assets/Uploads/Images/General/_resampled/croppedimage100133-Graham1.jpg 100x133 24bit JFIF  [OK] 15162 --> 4034 bytes (73.39%), optimized.
/Volumes/Store/cameron/Sites/mgh/trunk/assets/Uploads/Images/General/_resampled/croppedimage100133-ShavingforCancer_2.jpeg 100x133 24bit JFIF  [OK] 15196 --> 4107 bytes (72.97%), optimized.
/Volumes/Store/cameron/Sites/mgh/trunk/assets/Uploads/_resampled/croppedimage235102-malaghan-logo.jpg 235x102 24bit JFIF  [OK] 15421 --> 4929 bytes (68.04%), optimized.
/Volumes/Store/cameron/Sites/mgh/trunk/assets/Uploads/Images/Banners/_resampled/croppedimage1220442-testrun.jpg 1220x442 24bit JFIF  [OK] 569278 --> 145891 bytes (74.37%), optimized.
/Volumes/Store/cameron/Sites/mgh/trunk/assets/Uploads/Images/Banners/_resampled/croppedimage1220442-grahambanner.jpg 1220x442 24bit JFIF  [OK] 287046 --> 55152 bytes (80.79%), optimized.
/Volumes/Store/cameron/Sites/mgh/trunk/assets/Uploads/Images/Banners/_resampled/croppedimage1220442-bannerforkylie.jpg 1220x442 24bit JFIF  [OK] 347199 --> 73799 bytes (78.74%), optimized.
/Volumes/Store/cameron/Sites/mgh/trunk/assets/Uploads/Images/General/_resampled/croppedimage75100-Matt-Crew-Love-Boat-Ball-2010.jpg 75x100 24bit JFIF  [OK] 10970 --> 3254 bytes (70.34%), optimized.
/Volumes/Store/cameron/Sites/mgh/trunk/assets/Uploads/Images/General/_resampled/croppedimage100133-startline.jpg 100x133 24bit JFIF  [OK] 19291 --> 5648 bytes (70.72%), optimized.
/Volumes/Store/cameron/Sites/mgh/trunk/assets/Uploads/Images/General/_resampled/croppedimage100133-BridgetManhire-small.jpg 100x133 24bit JFIF  [OK] 13954 --> 3578 bytes (74.36%), optimized.
/Volumes/Store/cameron/Sites/mgh/trunk/assets/Uploads/Images/General/_resampled/croppedimage100133-Graham1.jpg 100x133 24bit JFIF  [OK] 15162 --> 4034 bytes (73.39%), optimized.
/Volumes/Store/cameron/Sites/mgh/trunk/assets/Uploads/Images/General/_resampled/croppedimage100133-ShavingforCancer_2.jpeg 100x133 24bit JFIF  [OK] 15196 --> 4107 bytes (72.97%), optimized.
/Volumes/Store/cameron/Sites/mgh/trunk/assets/Uploads/_resampled/croppedimage235102-malaghan-logo.jpg 235x102 24bit JFIF  [OK] 15421 --> 4929 bytes (68.04%), optimized.
/Volumes/Store/cameron/Sites/mgh/trunk/assets/Uploads/Images/Banners/_resampled/croppedimage1220442-testrun.jpg 1220x442 24bit JFIF  [OK] 569278 --> 145891 bytes (74.37%), optimized.
/Volumes/Store/cameron/Sites/mgh/trunk/assets/Uploads/Images/Banners/_resampled/croppedimage1220442-grahambanner.jpg 1220x442 24bit JFIF  [OK] 287046 --> 55152 bytes (80.79%), optimized.
/Volumes/Store/cameron/Sites/mgh/trunk/assets/Uploads/Images/Banners/_resampled/croppedimage1220442-bannerforkylie.jpg 1220x442 24bit JFIF  [OK] 347199 --> 73799 bytes (78.74%), optimized.
/Volumes/Store/cameron/Sites/mgh/trunk/assets/Uploads/Images/General/_resampled/croppedimage75100-Matt-Crew-Love-Boat-Ball-2010.jpg 75x100 24bit JFIF  [OK] 10970 --> 3254 bytes (70.34%), optimized.
/Volumes/Store/cameron/Sites/mgh/trunk/assets/Uploads/Images/General/_resampled/croppedimage100133-startline.jpg 100x133 24bit JFIF  [OK] 19291 --> 5648 bytes (70.72%), optimized.
/Volumes/Store/cameron/Sites/mgh/trunk/assets/Uploads/Images/General/_resampled/croppedimage100133-BridgetManhire-small.jpg 100x133 24bit JFIF  [OK] 13954 --> 3578 bytes (74.36%), optimized.
/Volumes/Store/cameron/Sites/mgh/trunk/assets/Uploads/Images/General/_resampled/croppedimage100133-Graham1.jpg 100x133 24bit JFIF  [OK] 15162 --> 4034 bytes (73.39%), optimized.
/Volumes/Store/cameron/Sites/mgh/trunk/assets/Uploads/Images/General/_resampled/croppedimage100133-ShavingforCancer_2.jpeg 100x133 24bit JFIF  [OK] 15196 --> 4107 bytes (72.97%), optimized.
/Volumes/Store/cameron/Sites/mgh/trunk/assets/Uploads/_resampled/croppedimage235102-malaghan-logo.jpg 235x102 24bit JFIF  [OK] 15421 --> 4929 bytes (68.04%), optimized.
/Volumes/Store/cameron/Sites/mgh/trunk/assets/Uploads/Images/Banners/_resampled/croppedimage1220442-testrun.jpg 1220x442 24bit JFIF  [OK] 569278 --> 145891 bytes (74.37%), optimized.
/Volumes/Store/cameron/Sites/mgh/trunk/assets/Uploads/Images/Banners/_resampled/croppedimage1220442-grahambanner.jpg 1220x442 24bit JFIF  [OK] 287046 --> 55152 bytes (80.79%), optimized.
/Volumes/Store/cameron/Sites/mgh/trunk/assets/Uploads/Images/Banners/_resampled/croppedimage1220442-bannerforkylie.jpg 1220x442 24bit JFIF  [OK] 347199 --> 73799 bytes (78.74%), optimized.
/Volumes/Store/cameron/Sites/mgh/trunk/assets/Uploads/Images/General/_resampled/croppedimage75100-Matt-Crew-Love-Boat-Ball-2010.jpg 75x100 24bit JFIF  [OK] 10970 --> 3254 bytes (70.34%), optimized.
/Volumes/Store/cameron/Sites/mgh/trunk/assets/Uploads/Images/General/_resampled/croppedimage100133-startline.jpg 100x133 24bit JFIF  [OK] 19291 --> 5648 bytes (70.72%), optimized.
/Volumes/Store/cameron/Sites/mgh/trunk/assets/Uploads/Images/General/_resampled/croppedimage100133-BridgetManhire-small.jpg 100x133 24bit JFIF  [OK] 13954 --> 3578 bytes (74.36%), optimized.
/Volumes/Store/cameron/Sites/mgh/trunk/assets/Uploads/Images/General/_resampled/croppedimage100133-Graham1.jpg 100x133 24bit JFIF  [OK] 15162 --> 4034 bytes (73.39%), optimized.
/Volumes/Store/cameron/Sites/mgh/trunk/assets/Uploads/Images/General/_resampled/croppedimage100133-ShavingforCancer_2.jpeg 100x133 24bit JFIF  [OK] 15196 --> 4107 bytes (72.97%), optimized.
/Volumes/Store/cameron/Sites/mgh/trunk/assets/Uploads/_resampled/croppedimage235102-malaghan-logo.jpg 235x102 24bit JFIF  [OK] 15421 --> 4929 bytes (68.04%), optimized.
/Volumes/Store/cameron/Sites/mgh/trunk/assets/Uploads/Images/Banners/_resampled/croppedimage1220442-testrun.jpg 1220x442 24bit JFIF  [OK] 569278 --> 145891 bytes (74.37%), optimized.
/Volumes/Store/cameron/Sites/mgh/trunk/assets/Uploads/Images/Banners/_resampled/croppedimage1220442-grahambanner.jpg 1220x442 24bit JFIF  [OK] 287046 --> 55152 bytes (80.79%), optimized.
/Volumes/Store/cameron/Sites/mgh/trunk/assets/Uploads/Images/Banners/_resampled/croppedimage1220442-bannerforkylie.jpg 1220x442 24bit JFIF  [OK] 347199 --> 73799 bytes (78.74%), optimized.
/Volumes/Store/cameron/Sites/mgh/trunk/assets/Uploads/Images/General/_resampled/croppedimage75100-Matt-Crew-Love-Boat-Ball-2010.jpg 75x100 24bit JFIF  [OK] 10970 --> 3254 bytes (70.34%), optimized.
/Volumes/Store/cameron/Sites/mgh/trunk/assets/Uploads/Images/General/_resampled/CMSThumbnail-Graham1.jpg 100x100 24bit JFIF  [OK] 9554 --> 2729 bytes (71.44%), optimized.
/Volumes/Store/cameron/Sites/mgh/trunk/assets/Uploads/Images/General/_resampled/CMSThumbnail-BridgetManhire-small.jpg 100x100 24bit JFIF  [OK] 8785 --> 2469 bytes (71.90%), optimized.
/Volumes/Store/cameron/Sites/mgh/trunk/assets/Uploads/Images/General/_resampled/CMSThumbnail-startline.jpg 100x100 24bit JFIF  [OK] 15999 --> 4758 bytes (70.26%), optimized.
/Volumes/Store/cameron/Sites/mgh/trunk/assets/Uploads/Images/General/_resampled/CMSThumbnail-ShavingforCancer_2.jpeg 100x100 24bit JFIF  [OK] 11445 --> 3321 bytes (70.98%), optimized.
/Volumes/Store/cameron/Sites/mgh/trunk/assets/Uploads/Images/General/_resampled/SetHeight300-MalaghanL.jpg 215x300 24bit JFIF  [OK] 35252 --> 8813 bytes (75.00%), optimized.
/Volumes/Store/cameron/Sites/mgh/trunk/assets/Uploads/Images/General/_resampled/SetHeight64-MalaghanL.jpg 46x64 24bit JFIF  [OK] 2985 --> 992 bytes (66.77%), optimized.
/Volumes/Store/cameron/Sites/mgh/trunk/assets/Uploads/Images/General/_resampled/SetWidth300-lab1.jpg 300x159 24bit JFIF  [OK] 36510 --> 8917 bytes (75.58%), optimized.
/Volumes/Store/cameron/Sites/mgh/trunk/assets/Uploads/Images/General/_resampled/SetHeight64-lab1.jpg 121x64 24bit JFIF  [OK] 9101 --> 2521 bytes (72.30%), optimized.
/Volumes/Store/cameron/Sites/mgh/trunk/assets/Uploads/Images/General/_resampled/SetWidth300-lab2.jpg 300x181 24bit JFIF  [OK] 60708 --> 16073 bytes (73.52%), optimized.
/Volumes/Store/cameron/Sites/mgh/trunk/assets/Uploads/Images/General/_resampled/SetHeight64-lab2.jpg 106x64 24bit JFIF  [OK] 10555 --> 3143 bytes (70.22%), optimized.
/Volumes/Store/cameron/Sites/mgh/trunk/assets/Uploads/Images/General/_resampled/SetWidth300-lab3.jpg 300x200 24bit JFIF  [OK] 46700 --> 11170 bytes (76.08%), optimized.
/Volumes/Store/cameron/Sites/mgh/trunk/assets/Uploads/Images/General/_resampled/SetHeight64-lab3.jpg 96x64 24bit JFIF  [OK] 8031 --> 2260 bytes (71.86%), optimized.
/Volumes/Store/cameron/Sites/mgh/trunk/assets/Uploads/Images/General/_resampled/SetWidth300-JaniceVUWAwards2011222.jpg 300x132 24bit JFIF  [OK] 35487 --> 8955 bytes (74.77%), optimized.
/Volumes/Store/cameron/Sites/mgh/trunk/assets/Uploads/Images/General/_resampled/SetHeight64-JaniceVUWAwards2011222.jpg 146x64 24bit JFIF  [OK] 10552 --> 2995 bytes (71.62%), optimized.
/Volumes/Store/cameron/Sites/mgh/trunk/assets/Uploads/Images/General/_resampled/SetWidth300-TVNZpic.jpg 300x166 24bit JFIF  [OK] 46016 --> 11181 bytes (75.70%), optimized.
/Volumes/Store/cameron/Sites/mgh/trunk/assets/Uploads/Images/General/_resampled/SetHeight64-TVNZpic.jpg 116x64 24bit JFIF  [OK] 9730 --> 2673 bytes (72.53%), optimized.
/Volumes/Store/cameron/Sites/mgh/trunk/assets/Uploads/Images/General/_resampled/SetWidth300-Run-for-Research-banner.jpg 300x113 24bit JFIF  [OK] 51413 --> 15352 bytes (70.14%), optimized.
/Volumes/Store/cameron/Sites/mgh/trunk/assets/Uploads/Images/General/_resampled/SetHeight64-Run-for-Research-banner.jpg 170x64 24bit JFIF  [OK] 17851 --> 5433 bytes (69.56%), optimized.
/Volumes/Store/cameron/Sites/mgh/trunk/assets/Uploads/Images/General/_resampled/SetWidth300-kyliepricehughgreen.jpg 300x200 24bit JFIF  [OK] 59574 --> 15074 bytes (74.70%), optimized.
/Volumes/Store/cameron/Sites/mgh/trunk/assets/Uploads/Images/General/_resampled/SetHeight64-kyliepricehughgreen.jpg 96x64 24bit JFIF  [OK] 8271 --> 2394 bytes (71.06%), optimized.
/Volumes/Store/cameron/Sites/mgh/trunk/assets/Uploads/Images/General/_resampled/SetWidth300-round-the-bays-logo_3.jpg 300x300 24bit JFIF  [OK] 72291 --> 21424 bytes (70.36%), optimized.
/Volumes/Store/cameron/Sites/mgh/trunk/assets/Uploads/Images/General/_resampled/SetHeight64-round-the-bays-logo_3.jpg 64x64 24bit JFIF  [OK] 6555 --> 2279 bytes (65.23%), optimized.
/Volumes/Store/cameron/Sites/mgh/trunk/assets/Uploads/Images/General/_resampled/SetWidth300-kyliepricehughgreen_2.jpg 300x200 24bit JFIF  [OK] 59574 --> 15074 bytes (74.70%), optimized.
/Volumes/Store/cameron/Sites/mgh/trunk/assets/Uploads/Images/General/_resampled/SetHeight64-kyliepricehughgreen_2.jpg 96x64 24bit JFIF  [OK] 8271 --> 2394 bytes (71.06%), optimized.
/Volumes/Store/cameron/Sites/mgh/trunk/assets/Uploads/Images/General/_resampled/SetWidth300-Graham1.jpg 300x200 24bit JFIF  [OK] 51738 --> 12843 bytes (75.18%), optimized.
/Volumes/Store/cameron/Sites/mgh/trunk/assets/Uploads/Images/General/_resampled/SetHeight64-Graham1.jpg 96x64 24bit JFIF  [OK] 8110 --> 2283 bytes (71.85%), optimized.
/Volumes/Store/cameron/Sites/mgh/trunk/assets/Uploads/Images/General/_resampled/SetHeight64-media-release-pic-of-team.jpg 64x64 24bit JFIF  [OK] 6422 --> 1939 bytes (69.81%), optimized.
/Volumes/Store/cameron/Sites/mgh/trunk/assets/Uploads/Images/General/_resampled/SetWidth300-media-release-pic-of-graham.jpg 300x200 24bit JFIF  [OK] 39097 --> 9654 bytes (75.31%), optimized.
/Volumes/Store/cameron/Sites/mgh/trunk/assets/Uploads/Images/General/_resampled/SetHeight64-media-release-pic-of-graham.jpg 96x64 24bit JFIF  [OK] 6732 --> 1938 bytes (71.21%), optimized.
/Volumes/Store/cameron/Sites/mgh/trunk/assets/Uploads/Images/General/_resampled/SetHeight300-GMP1_2.jpg 200x300 24bit JFIF  [OK] 51542 --> 12571 bytes (75.61%), optimized.
/Volumes/Store/cameron/Sites/mgh/trunk/assets/Uploads/Images/General/_resampled/SetHeight64-GMP1_2.jpg 43x64 24bit JFIF  [OK] 4714 --> 1457 bytes (69.09%), optimized.
/Volumes/Store/cameron/Sites/mgh/trunk/assets/Uploads/Images/General/_resampled/SetHeight300-researchteam.jpg 200x300 24bit JFIF  [OK] 58966 --> 14994 bytes (74.57%), optimized.
/Volumes/Store/cameron/Sites/mgh/trunk/assets/Uploads/Images/General/_resampled/SetHeight64-researchteam.jpg 43x64 24bit JFIF  [OK] 5038 --> 1578 bytes (68.68%), optimized.
/Volumes/Store/cameron/Sites/mgh/trunk/assets/Uploads/Images/General/_resampled/SetWidth300-newbannerrun.jpg 300x110 24bit JFIF  [OK] 47379 --> 13806 bytes (70.86%), optimized.
/Volumes/Store/cameron/Sites/mgh/trunk/assets/Uploads/Images/General/_resampled/SetHeight64-newbannerrun.jpg 174x64 24bit JFIF  [OK] 17630 --> 5379 bytes (69.49%), optimized.
/Volumes/Store/cameron/Sites/mgh/trunk/assets/Uploads/Images/General/_resampled/SetWidth300-newbannerrun_2.jpg 300x110 24bit JFIF  [OK] 47379 --> 13806 bytes (70.86%), optimized.
/Volumes/Store/cameron/Sites/mgh/trunk/assets/Uploads/Images/General/_resampled/SetHeight64-newbannerrun_2.jpg 174x64 24bit JFIF  [OK] 17630 --> 5379 bytes (69.49%), optimized.
/Volumes/Store/cameron/Sites/mgh/trunk/assets/Uploads/Images/General/_resampled/SetWidth300-newbannerrun_3.jpg 300x110 24bit JFIF  [OK] 47379 --> 13806 bytes (70.86%), optimized.
/Volumes/Store/cameron/Sites/mgh/trunk/assets/Uploads/Images/General/_resampled/SetHeight64-newbannerrun_3.jpg 174x64 24bit JFIF  [OK] 17630 --> 5379 bytes (69.49%), optimized.
/Volumes/Store/cameron/Sites/mgh/trunk/assets/Uploads/Images/General/_resampled/SetWidth300-runforresearchbanner.jpg 300x110 24bit JFIF  [OK] 46278 --> 13500 bytes (70.83%), optimized.
/Volumes/Store/cameron/Sites/mgh/trunk/assets/Uploads/Images/General/_resampled/SetHeight64-runforresearchbanner.jpg 174x64 24bit JFIF  [OK] 17458 --> 5299 bytes (69.65%), optimized.
/Volumes/Store/cameron/Sites/mgh/trunk/assets/Uploads/Images/General/_resampled/SetWidth300-Matt-Crew-Love-Boat-Ball-2010.jpg 300x225 24bit JFIF  [OK] 63685 --> 16574 bytes (73.98%), optimized.
/Volumes/Store/cameron/Sites/mgh/trunk/assets/Uploads/Images/General/_resampled/SetHeight64-Matt-Crew-Love-Boat-Ball-2010.jpg 85x64 24bit JFIF  [OK] 8561 --> 2588 bytes (69.77%), optimized.
/Volumes/Store/cameron/Sites/mgh/trunk/assets/Uploads/Images/General/_resampled/SetHeight300-ShavingforCancer.jpeg 267x300 24bit JFIF  [OK] 63289 --> 15018 bytes (76.27%), optimized.
/Volumes/Store/cameron/Sites/mgh/trunk/assets/Uploads/Images/General/_resampled/SetHeight64-ShavingforCancer.jpeg 57x64 24bit JFIF  [OK] 5230 --> 1600 bytes (69.41%), optimized.
/Volumes/Store/cameron/Sites/mgh/trunk/assets/Uploads/Images/General/_resampled/SetHeight300-ShavingforCancer_2.jpeg 267x300 24bit JFIF  [OK] 63289 --> 15018 bytes (76.27%), optimized.
/Volumes/Store/cameron/Sites/mgh/trunk/assets/Uploads/Images/General/_resampled/SetHeight64-ShavingforCancer_2.jpeg 57x64 24bit JFIF  [OK] 5230 --> 1600 bytes (69.41%), optimized.
